<?xml version="1.0" encoding="UTF-8"?>
<!-- Generated by org.testng.reporters.JUnitReportReporter -->
<testsuite hostname="LAPTOP-6MELK31E" failures="0" tests="1" name="RequestChaining.Scenario_2" time="4.030" errors="0" timestamp="2025-04-08T12:50:05 IST" skipped="0">
  <testcase classname="RequestChaining.Scenario_2" name="AddEmployeeToProject" time="4.030"/>
  <system-out/>
</testsuite> <!-- RequestChaining.Scenario_2 -->
