<?xml version="1.0" encoding="UTF-8"?>
<!-- Generated by org.testng.reporters.JUnitReportReporter -->
<testsuite hostname="LAPTOP-6MELK31E" failures="0" tests="1" name="ShopperStack.AddAddress" time="3.439" errors="0" timestamp="2025-04-05T15:36:23 IST" skipped="0">
  <testcase classname="ShopperStack.AddAddress" name="addAddress" time="3.439"/>
  <system-out/>
</testsuite> <!-- ShopperStack.AddAddress -->
