<?xml version="1.0" encoding="UTF-8"?>
<!-- Generated by org.testng.reporters.JUnitReportReporter -->
<testsuite hostname="LAPTOP-6MELK31E" failures="0" tests="1" name="DataMasking.dataMasking" time="3.756" errors="0" timestamp="2025-05-26T12:29:12 IST" skipped="0">
  <testcase classname="DataMasking.dataMasking" name="postDataToServer" time="3.756"/>
  <system-out/>
</testsuite> <!-- DataMasking.dataMasking -->
