<?xml version="1.0" encoding="UTF-8"?>
<!-- Generated by org.testng.reporters.JUnitReportReporter -->
<testsuite hostname="LAPTOP-6MELK31E" failures="0" tests="1" name="Parameters.TypesOfParameters" time="2.433" errors="0" timestamp="2025-06-09T14:02:25 IST" skipped="0">
  <testcase classname="Parameters.TypesOfParameters" name="queryParam" time="2.433"/>
  <system-out/>
</testsuite> <!-- Parameters.TypesOfParameters -->
