<?xml version="1.0" encoding="UTF-8"?>
<!-- Generated by org.testng.reporters.JUnitReportReporter -->
<testsuite hostname="LAPTOP-6MELK31E" failures="0" tests="5" name="Authentication.BasicAuthentication" time="5.167" errors="0" timestamp="2025-04-09T11:14:11 IST" skipped="0">
  <testcase classname="Authentication.BasicAuthentication" name="Oauth_twoPointZero" time="2.594"/>
  <system-out/>
  <testcase classname="Authentication.BasicAuthentication" name="PreEmptiveAuth" time="0.118"/>
  <system-out/>
  <testcase classname="Authentication.BasicAuthentication" name="BearerTokenAuth" time="0.133"/>
  <system-out/>
  <testcase classname="Authentication.BasicAuthentication" name="BasicAuth" time="2.290"/>
  <system-out/>
  <testcase classname="Authentication.BasicAuthentication" name="DigestAuth" time="0.032"/>
  <system-out/>
</testsuite> <!-- Authentication.BasicAuthentication -->
