<?xml version="1.0" encoding="UTF-8"?>
<!-- Generated by org.testng.reporters.JUnitReportReporter -->
<testsuite hostname="LAPTOP-6MELK31E" failures="0" tests="1" name="Graphql.AddProject" time="2.532" errors="0" timestamp="2025-04-15T10:32:34 IST" skipped="0">
  <testcase classname="Graphql.AddProject" name="addProject" time="2.532"/>
  <system-out/>
</testsuite> <!-- Graphql.AddProject -->
