<?xml version="1.0" encoding="UTF-8"?>
<!-- Generated by org.testng.reporters.JUnitReportReporter -->
<testsuite hostname="LAPTOP-6MELK31E" failures="0" tests="1" name="ShopperStack.GetAllAddress" time="3.510" errors="0" timestamp="2025-04-05T15:52:01 IST" skipped="0">
  <testcase classname="ShopperStack.GetAllAddress" name="getAllAddress" time="3.510"/>
  <system-out/>
</testsuite> <!-- ShopperStack.GetAllAddress -->
