<?xml version="1.0" encoding="UTF-8"?>
<!-- Generated by org.testng.reporters.JUnitReportReporter -->
<testsuite hostname="LAPTOP-6MELK31E" failures="0" tests="1" name="ShopperStack.DeleteProductFromWishlist" time="3.882" errors="0" timestamp="2025-04-05T13:18:58 IST" skipped="0">
  <testcase classname="ShopperStack.DeleteProductFromWishlist" name="deleteProductFromWishlist" time="3.882"/>
  <system-out/>
</testsuite> <!-- ShopperStack.DeleteProductFromWishlist -->
