<?xml version="1.0" encoding="UTF-8"?>
<!-- Generated by org.testng.reporters.JUnitReportReporter -->
<testsuite hostname="LAPTOP-6MELK31E" failures="0" tests="1" name="ShopperStack.RegisterAsShopper" time="4.568" errors="0" timestamp="2025-04-05T14:57:39 IST" skipped="0">
  <testcase classname="ShopperStack.RegisterAsShopper" name="RegisterAshopper" time="4.568"/>
  <system-out/>
</testsuite> <!-- ShopperStack.RegisterAsShopper -->
