<?xml version="1.0" encoding="UTF-8"?>
<!-- Generated by org.testng.reporters.JUnitReportReporter -->
<testsuite hostname="LAPTOP-6MELK31E" failures="0" tests="1" name="SampleTest.sampleTestUsingMethodChaining" time="3.643" errors="0" timestamp="2025-04-04T09:48:39 IST" skipped="0">
  <testcase classname="SampleTest.sampleTestUsingMethodChaining" name="getRequest" time="3.643"/>
  <system-out/>
</testsuite> <!-- SampleTest.sampleTestUsingMethodChaining -->
