<?xml version="1.0" encoding="UTF-8"?>
<!-- Generated by org.testng.reporters.JUnitReportReporter -->
<testsuite hostname="LAPTOP-6MELK31E" failures="0" tests="1" name="ShopperStack.UpdateAnAddress" time="3.414" errors="0" timestamp="2025-04-05T15:47:56 IST" skipped="0">
  <testcase classname="ShopperStack.UpdateAnAddress" name="updateAnAddress" time="3.414"/>
  <system-out/>
</testsuite> <!-- ShopperStack.UpdateAnAddress -->
