<?xml version="1.0" encoding="UTF-8"?>
<!-- Generated by org.testng.reporters.JUnitReportReporter -->
<testsuite hostname="LAPTOP-6MELK31E" failures="0" tests="1" name="RequestChaining.Scenario_1" time="3.958" errors="0" timestamp="2025-04-08T12:28:49 IST" skipped="0">
  <testcase classname="RequestChaining.Scenario_1" name="postDataToServer" time="3.958"/>
  <system-out/>
</testsuite> <!-- RequestChaining.Scenario_1 -->
