<?xml version="1.0" encoding="UTF-8"?>
<!-- Generated by org.testng.reporters.JUnitReportReporter -->
<testsuite hostname="LAPTOP-6MELK31E" failures="0" tests="1" name="ShopperStack.GetParticularAddress" time="4.342" errors="0" timestamp="2025-04-05T15:42:11 IST" skipped="0">
  <testcase classname="ShopperStack.GetParticularAddress" name="getParticularAddress" time="4.342"/>
  <system-out/>
</testsuite> <!-- ShopperStack.GetParticularAddress -->
