<?xml version="1.0" encoding="UTF-8"?>
<!-- Generated by org.testng.reporters.JUnitReportReporter -->
<testsuite hostname="LAPTOP-6MELK31E" failures="0" tests="1" name="CRUDoperationWithoutBBD.PUT" time="2.377" errors="0" timestamp="2025-04-04T12:44:57 IST" skipped="0">
  <testcase classname="CRUDoperationWithoutBBD.PUT" name="CompleteUpdateDataToServer" time="2.377"/>
  <system-out/>
</testsuite> <!-- CRUDoperationWithoutBBD.PUT -->
