<?xml version="1.0" encoding="UTF-8"?>
<!-- Generated by org.testng.reporters.JUnitReportReporter -->
<testsuite hostname="LAPTOP-6MELK31E" failures="0" tests="1" name="UploadImage.uplaodImage" time="11.336" errors="0" timestamp="2025-04-15T13:11:01 IST" skipped="0">
  <testcase classname="UploadImage.uplaodImage" name="postDataToServer" time="11.336"/>
  <system-out/>
</testsuite> <!-- UploadImage.uplaodImage -->
