<?xml version="1.0" encoding="UTF-8"?>
<!-- Generated by org.testng.reporters.JUnitReportReporter -->
<testsuite hostname="LAPTOP-6MELK31E" failures="0" tests="1" name="CRUDoperationWithoutBBD.DELETE" time="2.208" errors="0" timestamp="2025-04-04T12:45:32 IST" skipped="0">
  <testcase classname="CRUDoperationWithoutBBD.DELETE" name="deleteDataFromServer" time="2.208"/>
  <system-out/>
</testsuite> <!-- CRUDoperationWithoutBBD.DELETE -->
