<?xml version="1.0" encoding="UTF-8"?>
<!-- Generated by org.testng.reporters.JUnitReportReporter -->
<testsuite hostname="LAPTOP-6MELK31E" failures="0" tests="1" name="RequestChaining.Scenario_3_getPayRollInfo" time="17.503" errors="0" timestamp="2025-04-09T15:48:37 IST" skipped="0">
  <testcase classname="RequestChaining.Scenario_3_getPayRollInfo" name="sampleTest" time="17.503"/>
  <system-out/>
</testsuite> <!-- RequestChaining.Scenario_3_getPayRollInfo -->
