<?xml version="1.0" encoding="UTF-8"?>
<!-- Generated by org.testng.reporters.JUnitReportReporter -->
<testsuite hostname="LAPTOP-6MELK31E" failures="0" tests="1" name="SchemaValidation.AddProject" time="5.483" errors="0" timestamp="2025-04-15T11:07:08 IST" skipped="0">
  <testcase classname="SchemaValidation.AddProject" name="postDataToServer" time="5.483"/>
  <system-out/>
</testsuite> <!-- SchemaValidation.AddProject -->
