<?xml version="1.0" encoding="UTF-8"?>
<!-- Generated by org.testng.reporters.JUnitReportReporter -->
<testsuite hostname="LAPTOP-6MELK31E" failures="0" tests="1" name="CRUDoperationWithoutBBD.POST" time="2.366" errors="0" timestamp="2025-04-04T12:44:20 IST" skipped="0">
  <testcase classname="CRUDoperationWithoutBBD.POST" name="postDataToServer" time="2.366"/>
  <system-out/>
</testsuite> <!-- CRUDoperationWithoutBBD.POST -->
