<?xml version="1.0" encoding="UTF-8"?>
<!-- Generated by org.testng.reporters.JUnitReportReporter -->
<testsuite hostname="LAPTOP-6MELK31E" failures="0" tests="1" name="PostRequestTypes.viaPojoClass" time="3.030" errors="0" timestamp="2025-04-07T14:47:56 IST" skipped="0">
  <testcase classname="PostRequestTypes.viaPojoClass" name="postDataToServer" time="3.030"/>
  <system-out/>
</testsuite> <!-- PostRequestTypes.viaPojoClass -->
