<?xml version="1.0" encoding="UTF-8"?>
<!-- Generated by org.testng.reporters.JUnitReportReporter -->
<testsuite hostname="LAPTOP-6MELK31E" failures="0" tests="1" name="Graphql.UpdateProject" time="2.337" errors="0" timestamp="2025-04-15T10:34:50 IST" skipped="0">
  <testcase classname="Graphql.UpdateProject" name="addProject" time="2.337"/>
  <system-out/>
</testsuite> <!-- Graphql.UpdateProject -->
