<?xml version="1.0" encoding="UTF-8"?>
<!-- Generated by org.testng.reporters.JUnitReportReporter -->
<testsuite hostname="LAPTOP-6MELK31E" failures="0" tests="1" name="Cookies.passingCookie" time="2.548" errors="0" timestamp="2025-06-09T13:31:02 IST" skipped="0">
  <testcase classname="Cookies.passingCookie" name="postDataToServer" time="2.548"/>
  <system-out/>
</testsuite> <!-- Cookies.passingCookie -->
