<?xml version="1.0" encoding="UTF-8"?>
<!-- Generated by org.testng.reporters.JUnitReportReporter -->
<testsuite hostname="LAPTOP-6MELK31E" failures="0" tests="1" name="Encryption.EncodeAndDecode" time="0.022" errors="0" timestamp="2025-04-09T13:23:47 IST" skipped="0">
  <testcase classname="Encryption.EncodeAndDecode" name="encode" time="0.022"/>
  <system-out/>
</testsuite> <!-- Encryption.EncodeAndDecode -->
