<?xml version="1.0" encoding="UTF-8"?>
<!-- Generated by org.testng.reporters.JUnitReportReporter -->
<testsuite hostname="LAPTOP-6MELK31E" failures="0" tests="1" name="responseValidation.validateResponseBodyTest" time="5.202" errors="0" timestamp="2025-04-17T11:32:38 IST" skipped="0">
  <testcase classname="responseValidation.validateResponseBodyTest" name="validateResponseBody" time="5.202"/>
  <system-out/>
</testsuite> <!-- responseValidation.validateResponseBodyTest -->
