<?xml version="1.0" encoding="UTF-8"?>
<!-- Generated by org.testng.reporters.JUnitReportReporter -->
<testsuite hostname="LAPTOP-6MELK31E" failures="0" tests="1" name="CRUDoperationWithoutBBD.PATCH" time="2.344" errors="0" timestamp="2025-04-04T12:45:16 IST" skipped="0">
  <testcase classname="CRUDoperationWithoutBBD.PATCH" name="PartialUpdateDataToServer" time="2.344"/>
  <system-out/>
</testsuite> <!-- CRUDoperationWithoutBBD.PATCH -->
