<?xml version="1.0" encoding="UTF-8"?>
<!-- Generated by org.testng.reporters.JUnitReportReporter -->
<testsuite hostname="LAPTOP-6MELK31E" failures="0" tests="1" name="responseValidation.validateResponseHeaderTest" time="4.762" errors="0" timestamp="2025-04-07T15:24:41 IST" skipped="0">
  <testcase classname="responseValidation.validateResponseHeaderTest" name="validateHeader" time="4.762"/>
  <system-out/>
</testsuite> <!-- responseValidation.validateResponseHeaderTest -->
