<?xml version="1.0" encoding="UTF-8"?>
<!-- Generated by org.testng.reporters.JUnitReportReporter -->
<testsuite hostname="LAPTOP-6MELK31E" failures="0" tests="1" name="SampleTest.sampleTest" time="3.567" errors="0" timestamp="2025-04-03T11:29:14 IST" skipped="0">
  <testcase classname="SampleTest.sampleTest" name="SampleTest" time="3.567"/>
  <system-out/>
</testsuite> <!-- SampleTest.sampleTest -->
