<?xml version="1.0" encoding="UTF-8"?>
<!-- Generated by org.testng.reporters.JUnitReportReporter -->
<testsuite hostname="LAPTOP-6MELK31E" failures="0" tests="1" name="responseValidation.validateResponseTimeTest" time="4.564" errors="0" timestamp="2025-04-07T15:34:54 IST" skipped="0">
  <testcase classname="responseValidation.validateResponseTimeTest" name="validateResponseTime" time="4.564"/>
  <system-out/>
</testsuite> <!-- responseValidation.validateResponseTimeTest -->
