<?xml version="1.0" encoding="UTF-8"?>
<!-- Generated by org.testng.reporters.JUnitReportReporter -->
<testsuite hostname="LAPTOP-6MELK31E" failures="0" tests="1" name="ShopperStack.FindShopperDataByShopperId" time="3.262" errors="0" timestamp="2025-04-05T12:44:33 IST" skipped="0">
  <testcase classname="ShopperStack.FindShopperDataByShopperId" name="findShopperDataByShopperId" time="3.262"/>
  <system-out/>
</testsuite> <!-- ShopperStack.FindShopperDataByShopperId -->
