<?xml version="1.0" encoding="UTF-8"?>
<!-- Generated by org.testng.reporters.JUnitReportReporter -->
<testsuite hostname="LAPTOP-6MELK31E" failures="0" tests="4" name="Parameters.TypesOfParameters" time="3.146" errors="0" timestamp="2025-04-09T16:33:42 IST" skipped="0">
  <testcase classname="Parameters.TypesOfParameters" name="formParam" time="0.054"/>
  <system-out/>
  <testcase classname="Parameters.TypesOfParameters" name="pathParam" time="0.076"/>
  <system-out/>
  <testcase classname="Parameters.TypesOfParameters" name="queryParam" time="0.041"/>
  <system-out/>
  <testcase classname="Parameters.TypesOfParameters" name="Parampram" time="2.975"/>
  <system-out/>
</testsuite> <!-- Parameters.TypesOfParameters -->
