<?xml version="1.0" encoding="UTF-8"?>
<!-- Generated by org.testng.reporters.JUnitReportReporter -->
<testsuite hostname="LAPTOP-6MELK31E" failures="0" tests="4" name="Graphql.GetAllProjects" time="7.420" errors="0" timestamp="2025-04-15T10:24:28 IST" skipped="0">
  <testcase classname="Graphql.GetAllProjects" name="getAllProjectsStatus" time="0.523"/>
  <system-out/>
  <testcase classname="Graphql.GetAllProjects" name="getAllProjectId" time="3.088"/>
  <system-out/>
  <testcase classname="Graphql.GetAllProjects" name="getProjectProjectName" time="1.501"/>
  <system-out/>
  <testcase classname="Graphql.GetAllProjects" name="getAllProjects" time="2.308"/>
  <system-out/>
</testsuite> <!-- Graphql.GetAllProjects -->
