<?xml version="1.0" encoding="UTF-8"?>
<!-- Generated by org.testng.reporters.JUnitReportReporter -->
<testsuite hostname="LAPTOP-6MELK31E" failures="0" tests="1" name="RequestChaining.Scenario_1_CreateAndDeleteProject" time="4.574" errors="0" timestamp="2025-05-26T12:57:49 IST" skipped="0">
  <testcase classname="RequestChaining.Scenario_1_CreateAndDeleteProject" name="postDataToServer" time="4.574"/>
  <system-out/>
</testsuite> <!-- RequestChaining.Scenario_1_CreateAndDeleteProject -->
