<?xml version="1.0" encoding="UTF-8"?>
<!-- Generated by org.testng.reporters.JUnitReportReporter -->
<testsuite hostname="LAPTOP-6MELK31E" failures="0" tests="1" name="ShopperStack.addProductToCart" time="3.224" errors="0" timestamp="2025-04-05T12:35:49 IST" skipped="0">
  <testcase classname="ShopperStack.addProductToCart" name="addProductTocart" time="3.224"/>
  <system-out/>
</testsuite> <!-- ShopperStack.addProductToCart -->
