<?xml version="1.0" encoding="UTF-8"?>
<!-- Generated by org.testng.reporters.JUnitReportReporter -->
<testsuite hostname="LAPTOP-6MELK31E" failures="0" tests="1" name="ShopperStack.loginAsShopper" time="3.604" errors="0" timestamp="2025-04-05T15:26:53 IST" skipped="0">
  <testcase classname="ShopperStack.loginAsShopper" name="LoginAsShopper" time="3.604"/>
  <system-out/>
</testsuite> <!-- ShopperStack.loginAsShopper -->
