<?xml version="1.0" encoding="UTF-8"?>
<!-- Generated by org.testng.reporters.JUnitReportReporter -->
<testsuite hostname="LAPTOP-6MELK31E" failures="0" tests="1" name="CRUDoperationWithBBD.GET" time="2.972" errors="0" timestamp="2025-04-05T11:14:02 IST" skipped="0">
  <testcase classname="CRUDoperationWithBBD.GET" name="getDataFromServer" time="2.972"/>
  <system-out/>
</testsuite> <!-- CRUDoperationWithBBD.GET -->
