<?xml version="1.0" encoding="UTF-8"?>
<!-- Generated by org.testng.reporters.JUnitReportReporter -->
<testsuite hostname="LAPTOP-6MELK31E" failures="0" tests="1" name="DataMAsking.dataMasking" time="3.855" errors="0" timestamp="2025-04-15T13:26:25 IST" skipped="0">
  <testcase classname="DataMAsking.dataMasking" name="postDataToServer" time="3.855"/>
  <system-out/>
</testsuite> <!-- DataMAsking.dataMasking -->
