<?xml version="1.0" encoding="UTF-8"?>
<!-- Generated by org.testng.reporters.JUnitReportReporter -->
<testsuite hostname="LAPTOP-6MELK31E" failures="0" tests="1" name="CRUDoperationWithBBD.PUT" time="2.423" errors="0" timestamp="2025-04-04T13:14:48 IST" skipped="0">
  <testcase classname="CRUDoperationWithBBD.PUT" name="CompleteUpdateDataToServer" time="2.423"/>
  <system-out/>
</testsuite> <!-- CRUDoperationWithBBD.PUT -->
