<?xml version="1.0" encoding="UTF-8"?>
<!-- Generated by org.testng.reporters.JUnitReportReporter -->
<testsuite hostname="LAPTOP-6MELK31E" failures="0" tests="1" name="CRUDoperationWithoutBBD.GET" time="3.330" errors="0" timestamp="2025-04-04T12:44:41 IST" skipped="0">
  <testcase classname="CRUDoperationWithoutBBD.GET" name="getDataFromServer" time="3.330"/>
  <system-out/>
</testsuite> <!-- CRUDoperationWithoutBBD.GET -->
