<?xml version="1.0" encoding="UTF-8"?>
<!-- Generated by org.testng.reporters.JUnitReportReporter -->
<testsuite hostname="LAPTOP-6MELK31E" failures="0" tests="1" name="ShopperStack.AddProductToWishlist" time="3.349" errors="0" timestamp="2025-04-05T13:10:06 IST" skipped="0">
  <testcase classname="ShopperStack.AddProductToWishlist" name="addProductToWishlist" time="3.349"/>
  <system-out/>
</testsuite> <!-- ShopperStack.AddProductToWishlist -->
