<?xml version="1.0" encoding="UTF-8"?>
<!-- Generated by org.testng.reporters.JUnitReportReporter -->
<testsuite hostname="LAPTOP-6MELK31E" failures="0" tests="1" name="CRUDoperationWithBBD.POST" time="2.383" errors="0" timestamp="2025-06-02T17:07:55 IST" skipped="0">
  <testcase classname="CRUDoperationWithBBD.POST" name="postDataToServer" time="2.383"/>
  <system-out/>
</testsuite> <!-- CRUDoperationWithBBD.POST -->
