<?xml version="1.0" encoding="UTF-8"?>
<!-- Generated by org.testng.reporters.JUnitReportReporter -->
<testsuite hostname="LAPTOP-6MELK31E" failures="0" tests="1" name="ShopperStack.GetAllProductsFromWishlist" time="3.454" errors="0" timestamp="2025-04-05T13:13:44 IST" skipped="0">
  <testcase classname="ShopperStack.GetAllProductsFromWishlist" name="getAllProductsFromWishlist" time="3.454"/>
  <system-out/>
</testsuite> <!-- ShopperStack.GetAllProductsFromWishlist -->
