<?xml version="1.0" encoding="UTF-8"?>
<!-- Generated by org.testng.reporters.JUnitReportReporter -->
<testsuite hostname="LAPTOP-6MELK31E" failures="0" tests="1" name="ShopperStack.GET" time="5.856" errors="0" timestamp="2025-04-05T12:09:34 IST" skipped="0">
  <testcase classname="ShopperStack.GET" name="viewProducts" time="5.856"/>
  <system-out/>
</testsuite> <!-- ShopperStack.GET -->
