<?xml version="1.0" encoding="UTF-8"?>
<!-- Generated by org.testng.reporters.JUnitReportReporter -->
<testsuite hostname="LAPTOP-6MELK31E" failures="0" tests="1" name="Graphql.FindProjectByProjectId" time="2.400" errors="0" timestamp="2025-04-15T11:32:24 IST" skipped="0">
  <testcase classname="Graphql.FindProjectByProjectId" name="findProjectByProjectId" time="2.400"/>
  <system-out/>
</testsuite> <!-- Graphql.FindProjectByProjectId -->
