<?xml version="1.0" encoding="UTF-8"?>
<!-- Generated by org.testng.reporters.JUnitReportReporter -->
<testsuite hostname="LAPTOP-6MELK31E" failures="0" tests="10" name="DDT.addMultipleProjectTest" time="2.691" errors="0" timestamp="2025-04-10T12:38:35 IST" skipped="0">
  <testcase classname="DDT.addMultipleProjectTest" name="createProject" time="0.069"/>
  <system-out/>
  <testcase classname="DDT.addMultipleProjectTest" name="createProject" time="0.045"/>
  <system-out/>
  <testcase classname="DDT.addMultipleProjectTest" name="createProject" time="2.195"/>
  <system-out/>
  <testcase classname="DDT.addMultipleProjectTest" name="createProject" time="0.055"/>
  <system-out/>
  <testcase classname="DDT.addMultipleProjectTest" name="createProject" time="0.064"/>
  <system-out/>
  <testcase classname="DDT.addMultipleProjectTest" name="createProject" time="0.041"/>
  <system-out/>
  <testcase classname="DDT.addMultipleProjectTest" name="createProject" time="0.073"/>
  <system-out/>
  <testcase classname="DDT.addMultipleProjectTest" name="createProject" time="0.038"/>
  <system-out/>
  <testcase classname="DDT.addMultipleProjectTest" name="createProject" time="0.032"/>
  <system-out/>
  <testcase classname="DDT.addMultipleProjectTest" name="createProject" time="0.079"/>
  <system-out/>
</testsuite> <!-- DDT.addMultipleProjectTest -->
