<?xml version="1.0" encoding="UTF-8"?>
<!-- Generated by org.testng.reporters.JUnitReportReporter -->
<testsuite hostname="LAPTOP-6MELK31E" failures="0" tests="1" name="ShopperStack.updateProductInCart" time="3.487" errors="0" timestamp="2025-04-05T12:52:55 IST" skipped="0">
  <testcase classname="ShopperStack.updateProductInCart" name="UpdateAproductInCart" time="3.487"/>
  <system-out/>
</testsuite> <!-- ShopperStack.updateProductInCart -->
