<?xml version="1.0" encoding="UTF-8"?>
<!-- Generated by org.testng.reporters.JUnitReportReporter -->
<testsuite hostname="LAPTOP-6MELK31E" failures="0" tests="1" name="Parameters.TypesOfParameters" time="2.517" errors="0" timestamp="2025-05-26T12:44:26 IST" skipped="0">
  <testcase classname="Parameters.TypesOfParameters" name="formParam" time="2.517"/>
  <system-out/>
</testsuite> <!-- Parameters.TypesOfParameters -->
