<?xml version="1.0" encoding="UTF-8"?>
<!-- Generated by org.testng.reporters.JUnitReportReporter -->
<testsuite hostname="LAPTOP-6MELK31E" failures="0" tests="1" name="CRUDoperationWithBBD.DELETE" time="2.239" errors="0" timestamp="2025-04-04T13:21:06 IST" skipped="0">
  <testcase classname="CRUDoperationWithBBD.DELETE" name="deleteDataFromServer" time="2.239"/>
  <system-out/>
</testsuite> <!-- CRUDoperationWithBBD.DELETE -->
