<?xml version="1.0" encoding="UTF-8"?>
<!-- Generated by org.testng.reporters.JUnitReportReporter -->
<testsuite hostname="LAPTOP-6MELK31E" failures="0" tests="1" name="Encryption.UploadPayViaAESencpytion" time="4.405" errors="0" timestamp="2025-04-11T12:12:58 IST" skipped="0">
  <testcase classname="Encryption.UploadPayViaAESencpytion" name="AES" time="4.405"/>
  <system-out/>
</testsuite> <!-- Encryption.UploadPayViaAESencpytion -->
