<?xml version="1.0" encoding="UTF-8"?>
<!-- Generated by org.testng.reporters.JUnitReportReporter -->
<testsuite hostname="LAPTOP-6MELK31E" failures="0" tests="3" name="Mock.restFullBroker" time="7.732" errors="0" timestamp="2025-04-17T18:13:14 IST" skipped="0">
  <testcase classname="Mock.restFullBroker" name="createToken" time="1.381"/>
  <system-out/>
  <testcase classname="Mock.restFullBroker" name="createBooking" time="5.321"/>
  <system-out/>
  <testcase classname="Mock.restFullBroker" name="partialUpdateBooking" time="1.030"/>
  <system-out/>
</testsuite> <!-- Mock.restFullBroker -->
