<?xml version="1.0" encoding="UTF-8"?>
<!-- Generated by org.testng.reporters.JUnitReportReporter -->
<testsuite hostname="LAPTOP-6MELK31E" failures="0" tests="1" name="responseValidation.JsonXpathForDynamicResponse" time="2.632" errors="0" timestamp="2025-04-17T12:53:13 IST" skipped="0">
  <testcase classname="responseValidation.JsonXpathForDynamicResponse" name="validateThroughJsonPath" time="2.632"/>
  <system-out/>
</testsuite> <!-- responseValidation.JsonXpathForDynamicResponse -->
