<?xml version="1.0" encoding="UTF-8"?>
<!-- Generated by org.testng.reporters.JUnitReportReporter -->
<testsuite hostname="LAPTOP-6MELK31E" failures="0" tests="1" name="MockingSolution.CreditCardPaymentTest" time="4.057" errors="0" timestamp="2025-04-11T12:33:34 IST" skipped="0">
  <testcase classname="MockingSolution.CreditCardPaymentTest" name="cc" time="4.057"/>
  <system-out/>
</testsuite> <!-- MockingSolution.CreditCardPaymentTest -->
