<?xml version="1.0" encoding="UTF-8"?>
<!-- Generated by org.testng.reporters.JUnitReportReporter -->
<testsuite hostname="LAPTOP-6MELK31E" failures="0" tests="1" name="WireMock.wireMock" time="2.881" errors="0" timestamp="2025-04-15T12:55:54 IST" skipped="0">
  <testcase classname="WireMock.wireMock" name="postDataToServer" time="2.881"/>
  <system-out/>
</testsuite> <!-- WireMock.wireMock -->
