<?xml version="1.0" encoding="UTF-8"?>
<!-- Generated by org.testng.reporters.JUnitReportReporter -->
<testsuite hostname="LAPTOP-6MELK31E" failures="0" tests="1" name="Cookies.passingCookie" time="5.858" errors="0" timestamp="2025-05-26T12:24:22 IST" skipped="0">
  <testcase classname="Cookies.passingCookie" name="postDataToServer" time="5.858"/>
  <system-out/>
</testsuite> <!-- Cookies.passingCookie -->
